#
# There is insufficient memory for the Java Runtime Environment to continue.
# Native memory allocation (malloc) failed to allocate 573296 bytes for Chunk::new
# Possible reasons:
#   The system is out of physical RAM or swap space
#   In 32 bit mode, the process size limit was hit
# Possible solutions:
#   Reduce memory load on the system
#   Increase physical memory or swap space
#   Check if swap backing store is full
#   Use 64 bit Java on a 64 bit OS
#   Decrease Java heap size (-Xmx/-Xms)
#   Decrease number of Java threads
#   Decrease Java thread stack sizes (-Xss)
#   Set larger code cache with -XX:ReservedCodeCacheSize=
# This output file may be truncated or incomplete.
#
#  Out of Memory Error (allocation.cpp:390), pid=23908, tid=0x0000000000007f08
#
# JRE version: Java(TM) SE Runtime Environment (8.0_161-b12) (build 1.8.0_161-b12)
# Java VM: Java HotSpot(TM) 64-Bit Server VM (25.161-b12 mixed mode windows-amd64 compressed oops)
# Failed to write core dump. Minidumps are not enabled by default on client versions of Windows
#

---------------  T H R E A D  ---------------

Current thread (0x0000000017b79000):  JavaThread "C2 CompilerThread2" daemon [_thread_in_native, id=32520, stack(0x00000000193b0000,0x00000000194b0000)]

Stack: [0x00000000193b0000,0x00000000194b0000]
[error occurred during error reporting (printing stack bounds), id 0xc0000005]

Native frames: (J=compiled Java code, j=interpreted, Vv=VM code, C=native code)


Current CompileTask:
C2: 137184 12252       4       java.net.URI$Parser::parse (265 bytes)


---------------  P R O C E S S  ---------------

Java Threads: ( => current thread )
  0x0000000021a23800 JavaThread "WorkerExecutor Queue Thread 9" [_thread_in_native, id=31444, stack(0x000000002b620000,0x000000002b720000)]
  0x0000000021a25000 JavaThread "stdout" [_thread_in_native, id=35340, stack(0x000000002b520000,0x000000002b620000)]
  0x0000000021a26800 JavaThread "stderr" [_thread_in_native, id=25468, stack(0x000000002b420000,0x000000002b520000)]
  0x0000000021a24000 JavaThread "stdout" [_thread_in_native, id=23208, stack(0x000000002b320000,0x000000002b420000)]
  0x0000000021a1c000 JavaThread "stderr" [_thread_in_native, id=37516, stack(0x000000002b220000,0x000000002b320000)]
  0x0000000021a1f800 JavaThread "stdout" [_thread_in_native, id=37620, stack(0x000000002b120000,0x000000002b220000)]
  0x0000000021a22800 JavaThread "stderr" [_thread_in_native, id=31988, stack(0x000000002b020000,0x000000002b120000)]
  0x0000000021a1e000 JavaThread "stdout" [_thread_in_native, id=30716, stack(0x000000002af20000,0x000000002b020000)]
  0x0000000021a1c800 JavaThread "stderr" [_thread_in_native, id=1328, stack(0x000000002ae20000,0x000000002af20000)]
  0x0000000021a1f000 JavaThread "stdout" [_thread_in_native, id=28960, stack(0x000000002ad20000,0x000000002ae20000)]
  0x0000000021a1d800 JavaThread "stderr" [_thread_in_native, id=25828, stack(0x000000002ac20000,0x000000002ad20000)]
  0x000000001bd98800 JavaThread "stdout" [_thread_in_native, id=22036, stack(0x000000002ab20000,0x000000002ac20000)]
  0x000000001bd9e800 JavaThread "stderr" [_thread_in_native, id=28540, stack(0x000000002aa20000,0x000000002ab20000)]
  0x000000001bd9d000 JavaThread "stdout" [_thread_in_native, id=10468, stack(0x000000002a920000,0x000000002aa20000)]
  0x000000001bd9f800 JavaThread "stderr" [_thread_in_native, id=19672, stack(0x000000002a820000,0x000000002a920000)]
  0x000000001bd9e000 JavaThread "stdout" [_thread_in_native, id=28836, stack(0x000000002a720000,0x000000002a820000)]
  0x000000001bd9b800 JavaThread "stderr" [_thread_in_native, id=31008, stack(0x000000002a620000,0x000000002a720000)]
  0x000000001bd9a000 JavaThread "pool-3-thread-1" [_thread_blocked, id=8100, stack(0x000000002a520000,0x000000002a620000)]
  0x000000001bd9c800 JavaThread "WorkerExecutor Queue Thread 8" [_thread_blocked, id=27016, stack(0x000000002a420000,0x000000002a520000)]
  0x000000001bd99800 JavaThread "WorkerExecutor Queue Thread 7" [_thread_blocked, id=19508, stack(0x000000002a320000,0x000000002a420000)]
  0x000000001bd9b000 JavaThread "WorkerExecutor Queue Thread 6" [_thread_blocked, id=32832, stack(0x000000002a220000,0x000000002a320000)]
  0x000000001bd91000 JavaThread "WorkerExecutor Queue Thread 5" [_thread_blocked, id=31396, stack(0x000000002a120000,0x000000002a220000)]
  0x000000001bd93000 JavaThread "WorkerExecutor Queue Thread 4" [_thread_blocked, id=16592, stack(0x000000002a020000,0x000000002a120000)]
  0x000000001bd97800 JavaThread "WorkerExecutor Queue Thread 3" [_thread_blocked, id=37696, stack(0x0000000029f20000,0x000000002a020000)]
  0x000000001bd91800 JavaThread "WorkerExecutor Queue Thread 2" [_thread_blocked, id=23228, stack(0x0000000029e20000,0x0000000029f20000)]
  0x000000001bd95800 JavaThread "WorkerExecutor Queue" [_thread_blocked, id=20708, stack(0x0000000029d20000,0x0000000029e20000)]
  0x000000001bd97000 JavaThread "Cache worker for execution history cache (D:\Android Workspace\Me_Diary_With_New_Library\.gradle\5.4.1\executionHistory)" [_thread_in_native, id=34820, stack(0x0000000029b20000,0x0000000029c20000)]
  0x000000001bd92800 JavaThread "Execution worker for ':' Thread 11" [_thread_blocked, id=3792, stack(0x0000000029a20000,0x0000000029b20000)]
  0x000000001bd94800 JavaThread "Execution worker for ':' Thread 10" [_thread_blocked, id=33052, stack(0x0000000029920000,0x0000000029a20000)]
  0x000000001bd94000 JavaThread "Execution worker for ':' Thread 9" [_thread_blocked, id=1320, stack(0x0000000029820000,0x0000000029920000)]
  0x000000001bd96000 JavaThread "Execution worker for ':' Thread 8" [_thread_blocked, id=37184, stack(0x0000000029720000,0x0000000029820000)]
  0x000000001a980800 JavaThread "Execution worker for ':' Thread 7" [_thread_blocked, id=10120, stack(0x0000000029620000,0x0000000029720000)]
  0x000000001a97e800 JavaThread "Execution worker for ':' Thread 6" [_thread_blocked, id=31308, stack(0x0000000029520000,0x0000000029620000)]
  0x000000001a97f800 JavaThread "Execution worker for ':' Thread 5" [_thread_blocked, id=9448, stack(0x0000000029420000,0x0000000029520000)]
  0x000000001a982800 JavaThread "Execution worker for ':' Thread 4" [_thread_blocked, id=32868, stack(0x0000000029320000,0x0000000029420000)]
  0x000000001a983800 JavaThread "Execution worker for ':' Thread 3" [_thread_blocked, id=5244, stack(0x0000000029220000,0x0000000029320000)]
  0x000000001a97e000 JavaThread "Execution worker for ':' Thread 2" [_thread_blocked, id=27784, stack(0x0000000029120000,0x0000000029220000)]
  0x000000001a984000 JavaThread "Execution worker for ':'" [_thread_blocked, id=37424, stack(0x0000000029020000,0x0000000029120000)]
  0x000000001a982000 JavaThread "Cache worker for file content cache (D:\Android Workspace\Me_Diary_With_New_Library\.gradle\5.4.1\fileContent)" [_thread_blocked, id=16872, stack(0x0000000028f20000,0x0000000029020000)]
  0x000000001a981000 JavaThread "Cache worker for file content cache (C:\Users\kauramanpreet\.gradle\caches\5.4.1\fileContent)" [_thread_blocked, id=25444, stack(0x0000000028e20000,0x0000000028f20000)]
  0x000000001a99a800 JavaThread "Cache worker for Build Output Cleanup Cache (D:\Android Workspace\Me_Diary_With_New_Library\.gradle\buildOutputCleanup)" [_thread_blocked, id=33496, stack(0x0000000028d20000,0x0000000028e20000)]
  0x000000001a99a000 JavaThread "Build operations Thread 12" [_thread_blocked, id=32092, stack(0x0000000028c20000,0x0000000028d20000)]
  0x000000001a998000 JavaThread "Build operations Thread 11" [_thread_blocked, id=33372, stack(0x0000000028b20000,0x0000000028c20000)]
  0x000000001a999000 JavaThread "Build operations Thread 10" [_thread_blocked, id=31808, stack(0x0000000028a20000,0x0000000028b20000)]
  0x000000001b0af000 JavaThread "Build operations Thread 9" [_thread_blocked, id=10992, stack(0x0000000028920000,0x0000000028a20000)]
  0x000000001b0b4800 JavaThread "Build operations Thread 8" [_thread_blocked, id=36264, stack(0x0000000028820000,0x0000000028920000)]
  0x000000001b0b0000 JavaThread "Build operations Thread 7" [_thread_blocked, id=37776, stack(0x0000000028720000,0x0000000028820000)]
  0x000000001b0b3000 JavaThread "Build operations Thread 6" [_thread_blocked, id=25848, stack(0x0000000028620000,0x0000000028720000)]
  0x000000001b0b2000 JavaThread "Build operations Thread 5" [_thread_blocked, id=16108, stack(0x0000000028520000,0x0000000028620000)]
  0x000000001b0ad800 JavaThread "Build operations Thread 4" [_thread_blocked, id=28680, stack(0x0000000028420000,0x0000000028520000)]
  0x000000001b0ad000 JavaThread "Build operations Thread 3" [_thread_blocked, id=37272, stack(0x0000000028320000,0x0000000028420000)]
  0x000000001b0b0800 JavaThread "Build operations Thread 2" [_thread_blocked, id=13260, stack(0x0000000028220000,0x0000000028320000)]
  0x000000001b0b1800 JavaThread "Build operations" [_thread_blocked, id=7220, stack(0x0000000028120000,0x0000000028220000)]
  0x000000001b0a5800 JavaThread "Cache worker for cache directory md-rule (C:\Users\kauramanpreet\.gradle\caches\5.4.1\md-rule)" [_thread_blocked, id=14228, stack(0x0000000028020000,0x0000000028120000)]
  0x000000001b0ac000 JavaThread "Cache worker for cache directory md-supplier (C:\Users\kauramanpreet\.gradle\caches\5.4.1\md-supplier)" [_thread_blocked, id=25528, stack(0x0000000027f20000,0x0000000028020000)]
  0x000000001b0aa800 JavaThread "Cache worker for file hash cache (D:\Android Workspace\Me_Diary_With_New_Library\.gradle\5.4.1\fileHashes)" [_thread_blocked, id=28308, stack(0x0000000027e20000,0x0000000027f20000)]
  0x000000001b0ab800 JavaThread "Thread-48" [_thread_blocked, id=30404, stack(0x0000000027d20000,0x0000000027e20000)]
  0x000000001b0a8800 JavaThread "Stdin handler" [_thread_blocked, id=11056, stack(0x0000000027c20000,0x0000000027d20000)]
  0x000000001b0a6000 JavaThread "Asynchronous log dispatcher for DefaultDaemonConnection: socket connection from /127.0.0.1:61575 to /127.0.0.1:54132" [_thread_blocked, id=37312, stack(0x0000000027b20000,0x0000000027c20000)]
  0x000000001b0a9000 JavaThread "Daemon worker Thread 2" [_thread_blocked, id=30036, stack(0x0000000027a20000,0x0000000027b20000)]
  0x000000001b0aa000 JavaThread "Cancel handler" [_thread_blocked, id=29740, stack(0x0000000027920000,0x0000000027a20000)]
  0x000000001b0a7000 JavaThread "Handler for socket connection from /127.0.0.1:61575 to /127.0.0.1:54132" [_thread_in_native, id=20108, stack(0x0000000027820000,0x0000000027920000)]
  0x000000001b0a7800 JavaThread "Daemon Thread 2" [_thread_blocked, id=32004, stack(0x0000000027720000,0x0000000027820000)]
  0x000000001b0ae800 JavaThread "Memory manager" [_thread_blocked, id=24684, stack(0x0000000025c90000,0x0000000025d90000)]
  0x000000001a99b800 JavaThread "Cache worker for execution history cache (C:\Users\kauramanpreet\.gradle\caches\5.4.1\executionHistory)" [_thread_blocked, id=21348, stack(0x0000000022550000,0x0000000022650000)]
  0x000000001a99e800 JavaThread "Cache worker for journal cache (C:\Users\kauramanpreet\.gradle\caches\journal-1)" [_thread_blocked, id=27392, stack(0x000000001d540000,0x000000001d640000)]
  0x000000001a99d800 JavaThread "File lock request listener" [_thread_in_native, id=736, stack(0x000000001d440000,0x000000001d540000)]
  0x000000001a99d000 JavaThread "Cache worker for file hash cache (C:\Users\kauramanpreet\.gradle\caches\5.4.1\fileHashes)" [_thread_blocked, id=20192, stack(0x000000001d340000,0x000000001d440000)]
  0x000000001a4c8000 JavaThread "Daemon periodic checks" [_thread_blocked, id=30216, stack(0x000000001c840000,0x000000001c940000)]
  0x000000001a4b9800 JavaThread "Incoming local TCP Connector on port 61575" [_thread_in_native, id=37152, stack(0x000000001c600000,0x000000001c700000)]
  0x000000001afaa000 JavaThread "Daemon health stats" [_thread_blocked, id=24780, stack(0x000000001bfc0000,0x000000001c0c0000)]
  0x0000000017c02000 JavaThread "Service Thread" daemon [_thread_blocked, id=33708, stack(0x00000000195b0000,0x00000000196b0000)]
  0x0000000017b7a000 JavaThread "C1 CompilerThread3" daemon [_thread_blocked, id=17172, stack(0x00000000194b0000,0x00000000195b0000)]
=>0x0000000017b79000 JavaThread "C2 CompilerThread2" daemon [_thread_in_native, id=32520, stack(0x00000000193b0000,0x00000000194b0000)]
  0x0000000017b6d000 JavaThread "C2 CompilerThread1" daemon [_thread_in_native, id=33508, stack(0x00000000192b0000,0x00000000193b0000)]
  0x0000000017b77000 JavaThread "C2 CompilerThread0" daemon [_thread_blocked, id=5096, stack(0x00000000191b0000,0x00000000192b0000)]
  0x0000000017b76000 JavaThread "Attach Listener" daemon [_thread_blocked, id=36684, stack(0x00000000190b0000,0x00000000191b0000)]
  0x0000000017b75000 JavaThread "Signal Dispatcher" daemon [_thread_blocked, id=37060, stack(0x0000000018fb0000,0x00000000190b0000)]
  0x0000000017b63000 JavaThread "Finalizer" daemon [_thread_blocked, id=26860, stack(0x0000000018dc0000,0x0000000018ec0000)]
  0x00000000024d8800 JavaThread "Reference Handler" daemon [_thread_blocked, id=35548, stack(0x0000000018cc0000,0x0000000018dc0000)]
  0x00000000023de000 JavaThread "main" [_thread_blocked, id=31956, stack(0x00000000022b0000,0x00000000023b0000)]

Other Threads:
  0x0000000017b42800 VMThread [stack: 0x0000000018bc0000,0x0000000018cc0000] [id=33256]
  0x0000000017c1e800 WatcherThread [stack: 0x00000000196b0000,0x00000000197b0000] [id=1640]

VM state:not at safepoint (normal execution)

VM Mutex/Monitor currently owned by a thread: None

Heap:
 PSYoungGen      total 332288K, used 192009K [0x00000000e0000000, 0x00000000fd400000, 0x0000000100000000)
  eden space 298496K, 53% used [0x00000000e0000000,0x00000000e9a839a8,0x00000000f2380000)
  from space 33792K, 99% used [0x00000000f2380000,0x00000000f447eb18,0x00000000f4480000)
  to   space 48128K, 0% used [0x00000000fa500000,0x00000000fa500000,0x00000000fd400000)
 ParOldGen       total 145920K, used 83209K [0x00000000a0000000, 0x00000000a8e80000, 0x00000000e0000000)
  object space 145920K, 57% used [0x00000000a0000000,0x00000000a5142590,0x00000000a8e80000)
 Metaspace       used 73289K, capacity 76498K, committed 76800K, reserved 1116160K
  class space    used 9709K, capacity 10440K, committed 10496K, reserved 1048576K

Card table byte_map: [0x00000000118a0000,0x0000000011bb0000] byte_map_base: 0x00000000113a0000

Marking Bits: (ParMarkBitMap*) 0x0000000071b2f860
 Begin Bits: [0x00000000127b0000, 0x0000000013fb0000)
 End Bits:   [0x0000000013fb0000, 0x00000000157b0000)

Polling page: 0x0000000000970000

CodeCache: size=245760Kb used=35148Kb max_used=35166Kb free=210611Kb
 bounds [0x00000000024e0000, 0x0000000004770000, 0x00000000114e0000]
 total_blobs=11488 nmethods=10678 adapters=721
 compilation: enabled

Compilation events (10 events):
Event: 137.165 Thread 0x0000000017b7a000 12263       1       com.android.builder.internal.aapt.v2.Aapt2DaemonManager$LeasableAaptDaemon::getDaemon (5 bytes)
Event: 137.165 Thread 0x0000000017b7a000 nmethod 12263 0x000000000474b850 code [0x000000000474b9a0, 0x000000000474bab0]
Event: 137.165 Thread 0x0000000017b7a000 12264       1       com.android.ide.common.resources.CompileResourceRequest::isPseudoLocalize (5 bytes)
Event: 137.165 Thread 0x0000000017b7a000 nmethod 12264 0x000000000474b4d0 code [0x000000000474b620, 0x000000000474b730]
Event: 137.167 Thread 0x0000000017b7a000 12265       1       com.android.builder.internal.aapt.v2.Aapt2DaemonImpl$WaitForTaskCompletion::getFuture (5 bytes)
Event: 137.167 Thread 0x0000000017b7a000 nmethod 12265 0x000000000474e750 code [0x000000000474e8a0, 0x000000000474e9b0]
Event: 137.168 Thread 0x0000000017b7a000 12266       1       com.android.builder.internal.aapt.v2.Aapt2DaemonTimeouts::getCompileUnit (5 bytes)
Event: 137.168 Thread 0x0000000017b7a000 nmethod 12266 0x000000000474e490 code [0x000000000474e5e0, 0x000000000474e6f0]
Event: 137.171 Thread 0x0000000017b7a000 12267       3       com.google.common.util.concurrent.AbstractFuture::complete (104 bytes)
Event: 137.171 Thread 0x0000000017b7a000 nmethod 12267 0x0000000004753f10 code [0x00000000047540e0, 0x0000000004754898]

GC Heap History (10 events):
Event: 10.899 GC heap before
{Heap before GC invocations=12 (full 2):
 PSYoungGen      total 196096K, used 39810K [0x00000000e0000000, 0x00000000f0a80000, 0x0000000100000000)
  eden space 179712K, 13% used [0x00000000e0000000,0x00000000e16e2dc8,0x00000000eaf80000)
  from space 16384K, 99% used [0x00000000eaf80000,0x00000000ebf7dae0,0x00000000ebf80000)
  to   space 21504K, 0% used [0x00000000ef580000,0x00000000ef580000,0x00000000f0a80000)
 ParOldGen       total 107008K, used 28693K [0x00000000a0000000, 0x00000000a6880000, 0x00000000e0000000)
  object space 107008K, 26% used [0x00000000a0000000,0x00000000a1c05798,0x00000000a6880000)
 Metaspace       used 57618K, capacity 59050K, committed 59160K, reserved 1099776K
  class space    used 7969K, capacity 8353K, committed 8448K, reserved 1048576K
Event: 10.907 GC heap after
Heap after GC invocations=12 (full 2):
 PSYoungGen      total 252416K, used 11267K [0x00000000e0000000, 0x00000000f2180000, 0x0000000100000000)
  eden space 230912K, 0% used [0x00000000e0000000,0x00000000e0000000,0x00000000ee180000)
  from space 21504K, 52% used [0x00000000ef580000,0x00000000f0080ca0,0x00000000f0a80000)
  to   space 20480K, 0% used [0x00000000ee180000,0x00000000ee180000,0x00000000ef580000)
 ParOldGen       total 107008K, used 34151K [0x00000000a0000000, 0x00000000a6880000, 0x00000000e0000000)
  object space 107008K, 31% used [0x00000000a0000000,0x00000000a2159fa0,0x00000000a6880000)
 Metaspace       used 57618K, capacity 59050K, committed 59160K, reserved 1099776K
  class space    used 7969K, capacity 8353K, committed 8448K, reserved 1048576K
}
Event: 10.907 GC heap before
{Heap before GC invocations=13 (full 3):
 PSYoungGen      total 252416K, used 11267K [0x00000000e0000000, 0x00000000f2180000, 0x0000000100000000)
  eden space 230912K, 0% used [0x00000000e0000000,0x00000000e0000000,0x00000000ee180000)
  from space 21504K, 52% used [0x00000000ef580000,0x00000000f0080ca0,0x00000000f0a80000)
  to   space 20480K, 0% used [0x00000000ee180000,0x00000000ee180000,0x00000000ef580000)
 ParOldGen       total 107008K, used 34151K [0x00000000a0000000, 0x00000000a6880000, 0x00000000e0000000)
  object space 107008K, 31% used [0x00000000a0000000,0x00000000a2159fa0,0x00000000a6880000)
 Metaspace       used 57618K, capacity 59050K, committed 59160K, reserved 1099776K
  class space    used 7969K, capacity 8353K, committed 8448K, reserved 1048576K
Event: 11.019 GC heap after
Heap after GC invocations=13 (full 3):
 PSYoungGen      total 252416K, used 0K [0x00000000e0000000, 0x00000000f2180000, 0x0000000100000000)
  eden space 230912K, 0% used [0x00000000e0000000,0x00000000e0000000,0x00000000ee180000)
  from space 21504K, 0% used [0x00000000ef580000,0x00000000ef580000,0x00000000f0a80000)
  to   space 20480K, 0% used [0x00000000ee180000,0x00000000ee180000,0x00000000ef580000)
 ParOldGen       total 145920K, used 35749K [0x00000000a0000000, 0x00000000a8e80000, 0x00000000e0000000)
  object space 145920K, 24% used [0x00000000a0000000,0x00000000a22e9738,0x00000000a8e80000)
 Metaspace       used 57618K, capacity 59050K, committed 59160K, reserved 1099776K
  class space    used 7969K, capacity 8353K, committed 8448K, reserved 1048576K
}
Event: 14.811 GC heap before
{Heap before GC invocations=14 (full 3):
 PSYoungGen      total 252416K, used 230912K [0x00000000e0000000, 0x00000000f2180000, 0x0000000100000000)
  eden space 230912K, 100% used [0x00000000e0000000,0x00000000ee180000,0x00000000ee180000)
  from space 21504K, 0% used [0x00000000ef580000,0x00000000ef580000,0x00000000f0a80000)
  to   space 20480K, 0% used [0x00000000ee180000,0x00000000ee180000,0x00000000ef580000)
 ParOldGen       total 145920K, used 35749K [0x00000000a0000000, 0x00000000a8e80000, 0x00000000e0000000)
  object space 145920K, 24% used [0x00000000a0000000,0x00000000a22e9738,0x00000000a8e80000)
 Metaspace       used 64188K, capacity 66768K, committed 66944K, reserved 1105920K
  class space    used 8875K, capacity 9503K, committed 9600K, reserved 1048576K
Event: 14.827 GC heap after
Heap after GC invocations=14 (full 3):
 PSYoungGen      total 251392K, used 20464K [0x00000000e0000000, 0x00000000f5c00000, 0x0000000100000000)
  eden space 230912K, 0% used [0x00000000e0000000,0x00000000e0000000,0x00000000ee180000)
  from space 20480K, 99% used [0x00000000ee180000,0x00000000ef57c058,0x00000000ef580000)
  to   space 24064K, 0% used [0x00000000f4480000,0x00000000f4480000,0x00000000f5c00000)
 ParOldGen       total 145920K, used 39574K [0x00000000a0000000, 0x00000000a8e80000, 0x00000000e0000000)
  object space 145920K, 27% used [0x00000000a0000000,0x00000000a26a5808,0x00000000a8e80000)
 Metaspace       used 64188K, capacity 66768K, committed 66944K, reserved 1105920K
  class space    used 8875K, capacity 9503K, committed 9600K, reserved 1048576K
}
Event: 132.269 GC heap before
{Heap before GC invocations=15 (full 3):
 PSYoungGen      total 251392K, used 251376K [0x00000000e0000000, 0x00000000f5c00000, 0x0000000100000000)
  eden space 230912K, 100% used [0x00000000e0000000,0x00000000ee180000,0x00000000ee180000)
  from space 20480K, 99% used [0x00000000ee180000,0x00000000ef57c058,0x00000000ef580000)
  to   space 24064K, 0% used [0x00000000f4480000,0x00000000f4480000,0x00000000f5c00000)
 ParOldGen       total 145920K, used 39574K [0x00000000a0000000, 0x00000000a8e80000, 0x00000000e0000000)
  object space 145920K, 27% used [0x00000000a0000000,0x00000000a26a5808,0x00000000a8e80000)
 Metaspace       used 70319K, capacity 73340K, committed 73472K, reserved 1112064K
  class space    used 9404K, capacity 10125K, committed 10240K, reserved 1048576K
Event: 132.295 GC heap after
Heap after GC invocations=15 (full 3):
 PSYoungGen      total 322560K, used 24034K [0x00000000e0000000, 0x00000000f6580000, 0x0000000100000000)
  eden space 298496K, 0% used [0x00000000e0000000,0x00000000e0000000,0x00000000f2380000)
  from space 24064K, 99% used [0x00000000f4480000,0x00000000f5bf8810,0x00000000f5c00000)
  to   space 33792K, 0% used [0x00000000f2380000,0x00000000f2380000,0x00000000f4480000)
 ParOldGen       total 145920K, used 57367K [0x00000000a0000000, 0x00000000a8e80000, 0x00000000e0000000)
  object space 145920K, 39% used [0x00000000a0000000,0x00000000a3805ca8,0x00000000a8e80000)
 Metaspace       used 70319K, capacity 73340K, committed 73472K, reserved 1112064K
  class space    used 9404K, capacity 10125K, committed 10240K, reserved 1048576K
}
Event: 135.207 GC heap before
{Heap before GC invocations=16 (full 3):
 PSYoungGen      total 322560K, used 322157K [0x00000000e0000000, 0x00000000f6580000, 0x0000000100000000)
  eden space 298496K, 99% used [0x00000000e0000000,0x00000000f2322e50,0x00000000f2380000)
  from space 24064K, 99% used [0x00000000f4480000,0x00000000f5bf8810,0x00000000f5c00000)
  to   space 33792K, 0% used [0x00000000f2380000,0x00000000f2380000,0x00000000f4480000)
 ParOldGen       total 145920K, used 57367K [0x00000000a0000000, 0x00000000a8e80000, 0x00000000e0000000)
  object space 145920K, 39% used [0x00000000a0000000,0x00000000a3805ca8,0x00000000a8e80000)
 Metaspace       used 72573K, capacity 75690K, committed 75904K, reserved 1114112K
  class space    used 9630K, capacity 10348K, committed 10368K, reserved 1048576K
Event: 135.240 GC heap after
Heap after GC invocations=16 (full 3):
 PSYoungGen      total 332288K, used 33786K [0x00000000e0000000, 0x00000000fd400000, 0x0000000100000000)
  eden space 298496K, 0% used [0x00000000e0000000,0x00000000e0000000,0x00000000f2380000)
  from space 33792K, 99% used [0x00000000f2380000,0x00000000f447eb18,0x00000000f4480000)
  to   space 48128K, 0% used [0x00000000fa500000,0x00000000fa500000,0x00000000fd400000)
 ParOldGen       total 145920K, used 83209K [0x00000000a0000000, 0x00000000a8e80000, 0x00000000e0000000)
  object space 145920K, 57% used [0x00000000a0000000,0x00000000a5142590,0x00000000a8e80000)
 Metaspace       used 72573K, capacity 75690K, committed 75904K, reserved 1114112K
  class space    used 9630K, capacity 10348K, committed 10368K, reserved 1048576K
}

Deoptimization events (10 events):
Event: 135.554 Thread 0x000000001a982800 Uncommon trap: reason=class_check action=maybe_recompile pc=0x0000000003c723b4 method=java.io.ObjectOutputStream$BlockDataOutputStream.write([BIIZ)V @ 23
Event: 135.555 Thread 0x000000001a982800 Uncommon trap: reason=class_check action=maybe_recompile pc=0x0000000003c723b4 method=java.io.ObjectOutputStream$BlockDataOutputStream.write([BIIZ)V @ 23
Event: 135.555 Thread 0x000000001a982800 Uncommon trap: reason=class_check action=maybe_recompile pc=0x0000000003c4f8a8 method=java.io.ObjectOutputStream$BlockDataOutputStream.write([BIIZ)V @ 23
Event: 136.467 Thread 0x000000001a982800 Uncommon trap: reason=unstable_if action=reinterpret pc=0x000000000464ce18 method=java.io.ObjectOutputStream$ReplaceTable.lookup(Ljava/lang/Object;)Ljava/lang/Object; @ 10
Event: 136.477 Thread 0x000000001bd95800 Uncommon trap: reason=unstable_if action=reinterpret pc=0x0000000003dcb828 method=org.gradle.internal.operations.DefaultBuildOperationExecutor.determineParent(Lorg/gradle/internal/operations/BuildOperationDescriptor$Builder;Lorg/gradle/internal/operations
Event: 136.477 Thread 0x000000001bd95800 Uncommon trap: reason=unstable_if action=reinterpret pc=0x0000000003d743d4 method=org.gradle.internal.operations.BuildOperationDescriptor$Builder.build(Lorg/gradle/internal/operations/OperationIdentifier;Lorg/gradle/internal/operations/OperationIdentifier
Event: 136.909 Thread 0x000000001bd94000 Uncommon trap: reason=bimorphic action=maybe_recompile pc=0x00000000033154f0 method=java.io.Writer.write(Ljava/lang/String;)V @ 7
Event: 137.063 Thread 0x0000000021a26800 Uncommon trap: reason=unstable_if action=reinterpret pc=0x000000000364f4a0 method=java.io.BufferedReader.readLine(Z)Ljava/lang/String; @ 192
Event: 137.117 Thread 0x000000001bd94000 Uncommon trap: reason=array_check action=maybe_recompile pc=0x0000000004712d14 method=java.util.ComparableTimSort.binarySort([Ljava/lang/Object;III)V @ 215
Event: 137.132 Thread 0x0000000021a23800 Uncommon trap: reason=array_check action=maybe_recompile pc=0x0000000004712dd8 method=java.util.ComparableTimSort.binarySort([Ljava/lang/Object;III)V @ 193

Classes redefined (0 events):
No events

Internal exceptions (10 events):
Event: 135.127 Thread 0x000000001a982800 Implicit null exception at 0x00000000043f0572 to 0x00000000043f0b34
Event: 135.192 Thread 0x000000001a982800 Implicit null exception at 0x000000000450c057 to 0x000000000450c39d
Event: 135.272 Thread 0x000000001a982800 Implicit null exception at 0x000000000453cf33 to 0x0000000004540145
Event: 135.553 Thread 0x000000001a982800 Exception <a 'java/lang/NoSuchMethodError': <clinit>> (0x00000000e52f5870) thrown at [C:\re\workspace\8-2-build-windows-amd64-cygwin\jdk8u161\10277\hotspot\src\share\vm\prims\jni.cpp, line 1613]
Event: 135.554 Thread 0x000000001a982800 Exception <a 'java/lang/NoSuchMethodError': <clinit>> (0x00000000e5305720) thrown at [C:\re\workspace\8-2-build-windows-amd64-cygwin\jdk8u161\10277\hotspot\src\share\vm\prims\jni.cpp, line 1613]
Event: 135.554 Thread 0x000000001a982800 Exception <a 'java/lang/NoSuchMethodError': <clinit>> (0x00000000e531f400) thrown at [C:\re\workspace\8-2-build-windows-amd64-cygwin\jdk8u161\10277\hotspot\src\share\vm\prims\jni.cpp, line 1613]
Event: 135.554 Thread 0x000000001a982800 Exception <a 'java/lang/NoSuchMethodError': <clinit>> (0x00000000e53242e8) thrown at [C:\re\workspace\8-2-build-windows-amd64-cygwin\jdk8u161\10277\hotspot\src\share\vm\prims\jni.cpp, line 1613]
Event: 135.556 Thread 0x000000001a982800 Exception <a 'java/lang/NoSuchMethodError': <clinit>> (0x00000000e5334c80) thrown at [C:\re\workspace\8-2-build-windows-amd64-cygwin\jdk8u161\10277\hotspot\src\share\vm\prims\jni.cpp, line 1613]
Event: 136.906 Thread 0x000000001bd94000 Exception <a 'java/lang/NoSuchMethodError': <clinit>> (0x00000000e9479290) thrown at [C:\re\workspace\8-2-build-windows-amd64-cygwin\jdk8u161\10277\hotspot\src\share\vm\prims\jni.cpp, line 1613]
Event: 137.118 Thread 0x000000001bd94000 Exception <a 'java/lang/NoSuchMethodError': <clinit>> (0x00000000e9774fa0) thrown at [C:\re\workspace\8-2-build-windows-amd64-cygwin\jdk8u161\10277\hotspot\src\share\vm\prims\jni.cpp, line 1613]

Events (10 events):
Event: 137.131 loading class org/apache/tools/ant/BuildException done
Event: 137.132 Thread 0x0000000021a23800 Uncommon trap: trap_request=0xffffffd6 fr.pc=0x0000000004712dd8
Event: 137.132 Thread 0x0000000021a23800 DEOPT PACKING pc=0x0000000004712dd8 sp=0x000000002b71dfb0
Event: 137.132 Thread 0x0000000021a23800 DEOPT UNPACKING pc=0x000000000252583b sp=0x000000002b71df58 mode 2
Event: 137.132 Executing VM operation: RevokeBias
Event: 137.132 Executing VM operation: RevokeBias done
Event: 137.133 loading class com/android/manifmerger/ManifestMerger2$MergeType
Event: 137.133 loading class com/android/manifmerger/ManifestMerger2$MergeType done
Event: 137.133 loading class com/android/build/gradle/internal/tasks/manifest/ManifestHelperKt
Event: 137.133 loading class com/android/build/gradle/internal/tasks/manifest/ManifestHelperKt done


Dynamic libraries:
0x00007ff71b880000 - 0x00007ff71b8b7000 	C:\Program Files\Java\jdk1.8.0_161\bin\java.exe
0x00007ffe2b7b0000 - 0x00007ffe2b991000 	C:\Windows\SYSTEM32\ntdll.dll
0x00007ffe2a0f0000 - 0x00007ffe2a1a2000 	C:\Windows\System32\KERNEL32.DLL
0x00007ffe27ee0000 - 0x00007ffe28153000 	C:\Windows\System32\KERNELBASE.dll
0x00007ffe2b2e0000 - 0x00007ffe2b381000 	C:\Windows\System32\ADVAPI32.dll
0x00007ffe2b6e0000 - 0x00007ffe2b77e000 	C:\Windows\System32\msvcrt.dll
0x00007ffe2a800000 - 0x00007ffe2a85b000 	C:\Windows\System32\sechost.dll
0x00007ffe2b460000 - 0x00007ffe2b584000 	C:\Windows\System32\RPCRT4.dll
0x00007ffe2a1c0000 - 0x00007ffe2a350000 	C:\Windows\System32\USER32.dll
0x00007ffe27c80000 - 0x00007ffe27ca0000 	C:\Windows\System32\win32u.dll
0x00007ffe2b050000 - 0x00007ffe2b078000 	C:\Windows\System32\GDI32.dll
0x00007ffe28160000 - 0x00007ffe282f2000 	C:\Windows\System32\gdi32full.dll
0x00007ffe28ba0000 - 0x00007ffe28c3f000 	C:\Windows\System32\msvcp_win.dll
0x00007ffe27b80000 - 0x00007ffe27c7a000 	C:\Windows\System32\ucrtbase.dll
0x00007ffe16a50000 - 0x00007ffe16cb9000 	C:\Windows\WinSxS\amd64_microsoft.windows.common-controls_6595b64144ccf1df_6.0.17134.1_none_e4da93291059d8fb\COMCTL32.dll
0x00007ffe2a350000 - 0x00007ffe2a673000 	C:\Windows\System32\combase.dll
0x00007ffe28b20000 - 0x00007ffe28b9a000 	C:\Windows\System32\bcryptPrimitives.dll
0x00007ffe28c60000 - 0x00007ffe28c8d000 	C:\Windows\System32\IMM32.DLL
0x0000000071bb0000 - 0x0000000071c82000 	C:\Program Files\Java\jdk1.8.0_161\jre\bin\msvcr100.dll
0x0000000071310000 - 0x0000000071baf000 	C:\Program Files\Java\jdk1.8.0_161\jre\bin\server\jvm.dll
0x00007ffe2a0e0000 - 0x00007ffe2a0e8000 	C:\Windows\System32\PSAPI.DLL
0x00007ffe25af0000 - 0x00007ffe25af9000 	C:\Windows\SYSTEM32\WSOCK32.dll
0x00007ffe25cf0000 - 0x00007ffe25d13000 	C:\Windows\SYSTEM32\WINMM.dll
0x00007ffe25b50000 - 0x00007ffe25b5a000 	C:\Windows\SYSTEM32\VERSION.dll
0x00007ffe2a990000 - 0x00007ffe2a9fc000 	C:\Windows\System32\WS2_32.dll
0x00007ffe25cc0000 - 0x00007ffe25cea000 	C:\Windows\SYSTEM32\winmmbase.dll
0x00007ffe27e90000 - 0x00007ffe27ed9000 	C:\Windows\System32\cfgmgr32.dll
0x0000000071300000 - 0x000000007130f000 	C:\Program Files\Java\jdk1.8.0_161\jre\bin\verify.dll
0x00000000712d0000 - 0x00000000712f9000 	C:\Program Files\Java\jdk1.8.0_161\jre\bin\java.dll
0x00000000712b0000 - 0x00000000712c6000 	C:\Program Files\Java\jdk1.8.0_161\jre\bin\zip.dll
0x00007ffe28ca0000 - 0x00007ffe2a0e0000 	C:\Windows\System32\SHELL32.dll
0x00007ffe2a860000 - 0x00007ffe2a909000 	C:\Windows\System32\shcore.dll
0x00007ffe283b0000 - 0x00007ffe28abd000 	C:\Windows\System32\windows.storage.dll
0x00007ffe2b080000 - 0x00007ffe2b0d1000 	C:\Windows\System32\shlwapi.dll
0x00007ffe27b60000 - 0x00007ffe27b71000 	C:\Windows\System32\kernel.appcore.dll
0x00007ffe27b10000 - 0x00007ffe27b2f000 	C:\Windows\System32\profapi.dll
0x00007ffe27ac0000 - 0x00007ffe27b0c000 	C:\Windows\System32\powrprof.dll
0x00007ffe27b30000 - 0x00007ffe27b3a000 	C:\Windows\System32\FLTLIB.DLL
0x0000000071290000 - 0x00000000712aa000 	C:\Program Files\Java\jdk1.8.0_161\jre\bin\net.dll
0x00007ffe27340000 - 0x00007ffe273a6000 	C:\Windows\system32\mswsock.dll
0x0000000071270000 - 0x0000000071281000 	C:\Program Files\Java\jdk1.8.0_161\jre\bin\nio.dll
0x00007ffe15d40000 - 0x00007ffe15d66000 	C:\Users\kauramanpreet\.gradle\native\29\windows-amd64\native-platform.dll
0x0000000071260000 - 0x000000007126d000 	C:\Program Files\Java\jdk1.8.0_161\jre\bin\management.dll
0x00007ffe274f0000 - 0x00007ffe27507000 	C:\Windows\SYSTEM32\CRYPTSP.dll
0x00007ffe26f20000 - 0x00007ffe26f53000 	C:\Windows\system32\rsaenh.dll
0x00007ffe27620000 - 0x00007ffe27645000 	C:\Windows\SYSTEM32\bcrypt.dll
0x00007ffe279c0000 - 0x00007ffe279e8000 	C:\Windows\SYSTEM32\USERENV.dll
0x00007ffe27510000 - 0x00007ffe2751b000 	C:\Windows\SYSTEM32\CRYPTBASE.dll
0x00007ffe270c0000 - 0x00007ffe270f8000 	C:\Windows\SYSTEM32\IPHLPAPI.DLL
0x00007ffe2a1b0000 - 0x00007ffe2a1b8000 	C:\Windows\System32\NSI.dll
0x00007ffe23c00000 - 0x00007ffe23c16000 	C:\Windows\SYSTEM32\dhcpcsvc6.DLL
0x00007ffe23950000 - 0x00007ffe2396a000 	C:\Windows\SYSTEM32\dhcpcsvc.DLL
0x00007ffe268c0000 - 0x00007ffe268f1000 	C:\Windows\SYSTEM32\ntmarta.dll

VM Arguments:
jvm_args: -Xmx1536m -Dfile.encoding=windows-1252 -Duser.country=US -Duser.language=en -Duser.variant 
java_command: org.gradle.launcher.daemon.bootstrap.GradleDaemon 5.4.1
java_class_path (initial): C:\Users\kauramanpreet\.gradle\wrapper\dists\gradle-5.4.1-all\3221gyojl5jsh0helicew7rwx\gradle-5.4.1\lib\gradle-launcher-5.4.1.jar
Launcher Type: SUN_STANDARD

Environment Variables:
PATH=C:\ProgramData\Oracle\Java\javapath;C:\Windows\system32;C:\Windows;C:\Windows\System32\Wbem;C:\Windows\System32\WindowsPowerShell\v1.0\;C:\Windows\System32\OpenSSH\;C:\Program Files\dotnet\;C:\Program Files\Microsoft SQL Server\130\Tools\Binn\;C:\src\flutter\bin;C:\Program Files\Git\cmd;C:\Users\kauramanpreet\AppData\Local\Microsoft\WindowsApps;C:\src\flutter\bin;
USERNAME=KaurAmanpreet
OS=Windows_NT
PROCESSOR_IDENTIFIER=Intel64 Family 6 Model 158 Stepping 10, GenuineIntel



---------------  S Y S T E M  ---------------

OS: Windows 10.0 , 64 bit Build 17134 (10.0.17134.1)

CPU:total 12 (initial active 12) (6 cores per cpu, 2 threads per core) family 6 model 158 stepping 10, cmov, cx8, fxsr, mmx, sse, sse2, sse3, ssse3, sse4.1, sse4.2, popcnt, avx, avx2, aes, clmul, erms, rtm, 3dnowpref, lzcnt, ht, tsc, tscinvbit, bmi1, bmi2, adx

Memory: 4k page, physical 16656868k(1239168k free), swap 66988516k(1460k free)

vm_info: Java HotSpot(TM) 64-Bit Server VM (25.161-b12) for windows-amd64 JRE (1.8.0_161-b12), built on Dec 19 2017 17:52:25 by "java_re" with MS VC++ 10.0 (VS2010)

time: Tue Feb 18 11:05:52 2020
elapsed time: 137 seconds (0d 0h 2m 17s)

